<?xml version="1.0" encoding="UTF-8"?>
<!-- Generated by org.testng.reporters.JUnitReportReporter -->
<testsuite hostname="MadhuYadav" failures="0" tests="5" name="apple.bat2" time="0.016" errors="0" timestamp="2023-09-27T17:06:16 IST" skipped="0">
  <testcase classname="apple.bat2" name="close" time="0.010"/>
  <testcase classname="apple.bat2" name="app" time="0.002"/>
  <testcase classname="apple.bat2" name="login" time="0.002"/>
  <testcase classname="apple.bat2" name="logout" time="0.001"/>
  <testcase classname="apple.bat2" name="addemp" time="0.001"/>
</testsuite> <!-- apple.bat2 -->
